[   212.230] (--) Log file renamed from "/home/miguelbragafogli/.local/share/xorg/Xorg.pid-1551.log" to "/home/miguelbragafogli/.local/share/xorg/Xorg.0.log"
[   212.231] 
X.Org X Server 1.20.14
X Protocol Version 11, Revision 0
[   212.231] Build Operating System:  5.15.6-200.fc35.x86_64 
[   212.231] Current Operating System: Linux fedora 5.17.0-0.rc7.116.fc36.x86_64 #1 SMP PREEMPT Mon Mar 7 23:10:19 UTC 2022 x86_64
[   212.231] Kernel command line: BOOT_IMAGE=(hd0,gpt2)/vmlinuz-5.17.0-0.rc7.116.fc36.x86_64 root=UUID=c697f95d-11f4-4d9e-8509-3be1575ee809 ro rootflags=subvol=root rhgb quiet
[   212.231] Build Date: 28 January 2022  12:00:00AM
[   212.231] Build ID: xorg-x11-server 1.20.14-4.fc36 
[   212.231] Current version of pixman: 0.40.0
[   212.231] 	Before reporting problems, check http://wiki.x.org
	to make sure that you have the latest version.
[   212.231] Markers: (--) probed, (**) from config file, (==) default setting,
	(++) from command line, (!!) notice, (II) informational,
	(WW) warning, (EE) error, (NI) not implemented, (??) unknown.
[   212.231] (==) Log file: "/home/miguelbragafogli/.local/share/xorg/Xorg.0.log", Time: Sun Mar 13 13:29:22 2022
[   212.232] (==) Using config directory: "/etc/X11/xorg.conf.d"
[   212.232] (==) Using system config directory "/usr/share/X11/xorg.conf.d"
[   212.232] (==) No Layout section.  Using the first Screen section.
[   212.232] (==) No screen section available. Using defaults.
[   212.232] (**) |-->Screen "Default Screen Section" (0)
[   212.232] (**) |   |-->Monitor "<default monitor>"
[   212.233] (==) No monitor specified for screen "Default Screen Section".
	Using a default monitor configuration.
[   212.233] (==) Automatically adding devices
[   212.233] (==) Automatically enabling devices
[   212.233] (==) Automatically adding GPU devices
[   212.233] (==) Automatically binding GPU devices
[   212.233] (==) Max clients allowed: 256, resource mask: 0x1fffff
[   212.233] (==) FontPath set to:
	catalogue:/etc/X11/fontpath.d,
	built-ins
[   212.233] (==) ModulePath set to "/usr/lib64/xorg/modules"
[   212.233] (II) The server relies on udev to provide the list of input devices.
	If no devices become available, reconfigure udev or disable AutoAddDevices.
[   212.233] (II) Loader magic: 0x558a7f192aa0
[   212.233] (II) Module ABI versions:
[   212.233] 	X.Org ANSI C Emulation: 0.4
[   212.233] 	X.Org Video Driver: 24.1
[   212.233] 	X.Org XInput driver : 24.1
[   212.233] 	X.Org Server Extension : 10.0
[   212.234] (++) using VT number 2

[   212.236] (II) systemd-logind: took control of session /org/freedesktop/login1/session/_32
[   212.237] (II) xfree86: Adding drm device (/dev/dri/card1)
[   212.238] (II) systemd-logind: got fd for /dev/dri/card1 226:1 fd 14 paused 0
[   212.242] (--) PCI:*(0@0:2:0) 8086:5916:1043:12d1 rev 2, Mem @ 0xee000000/16777216, 0xd0000000/268435456, I/O @ 0x0000f000/64, BIOS @ 0x????????/65536
[   212.242] (II) LoadModule: "glx"
[   212.243] (II) Loading /usr/lib64/xorg/modules/extensions/libglx.so
[   212.246] (II) Module glx: vendor="X.Org Foundation"
[   212.246] 	compiled for 1.20.14, module version = 1.0.0
[   212.246] 	ABI class: X.Org Server Extension, version 10.0
[   212.246] (==) Matched modesetting as autoconfigured driver 0
[   212.246] (==) Matched fbdev as autoconfigured driver 1
[   212.246] (==) Matched vesa as autoconfigured driver 2
[   212.246] (==) Assigned the driver to the xf86ConfigLayout
[   212.246] (II) LoadModule: "modesetting"
[   212.247] (II) Loading /usr/lib64/xorg/modules/drivers/modesetting_drv.so
[   212.248] (II) Module modesetting: vendor="X.Org Foundation"
[   212.248] 	compiled for 1.20.14, module version = 1.20.14
[   212.248] 	Module class: X.Org Video Driver
[   212.248] 	ABI class: X.Org Video Driver, version 24.1
[   212.248] (II) LoadModule: "fbdev"
[   212.248] (II) Loading /usr/lib64/xorg/modules/drivers/fbdev_drv.so
[   212.248] (II) Module fbdev: vendor="X.Org Foundation"
[   212.248] 	compiled for 1.20.14, module version = 0.5.0
[   212.248] 	Module class: X.Org Video Driver
[   212.248] 	ABI class: X.Org Video Driver, version 24.1
[   212.248] (II) LoadModule: "vesa"
[   212.248] (II) Loading /usr/lib64/xorg/modules/drivers/vesa_drv.so
[   212.249] (II) Module vesa: vendor="X.Org Foundation"
[   212.249] 	compiled for 1.20.14, module version = 2.5.0
[   212.249] 	Module class: X.Org Video Driver
[   212.249] 	ABI class: X.Org Video Driver, version 24.1
[   212.249] (II) modesetting: Driver for Modesetting Kernel Drivers: kms
[   212.249] (II) FBDEV: driver for framebuffer: fbdev
[   212.249] (II) VESA: driver for VESA chipsets: vesa
[   212.249] xf86EnableIOPorts: failed to set IOPL for I/O (Operation not permitted)
[   212.249] (II) modeset(0): using drv /dev/dri/card1
[   212.249] (WW) Falling back to old probe method for fbdev
[   212.249] (II) Loading sub module "fbdevhw"
[   212.249] (II) LoadModule: "fbdevhw"
[   212.250] (II) Loading /usr/lib64/xorg/modules/libfbdevhw.so
[   212.250] (II) Module fbdevhw: vendor="X.Org Foundation"
[   212.250] 	compiled for 1.20.14, module version = 0.0.2
[   212.250] 	ABI class: X.Org Video Driver, version 24.1
[   212.250] (EE) open /dev/fb0: Permission denied
[   212.250] (WW) VGA arbiter: cannot open kernel arbiter, no multi-card support
[   212.250] (II) modeset(0): Creating default Display subsection in Screen section
	"Default Screen Section" for depth/fbbpp 24/32
[   212.250] (==) modeset(0): Depth 24, (==) framebuffer bpp 32
[   212.250] (==) modeset(0): RGB weight 888
[   212.250] (==) modeset(0): Default visual is TrueColor
[   212.250] (II) Loading sub module "glamoregl"
[   212.250] (II) LoadModule: "glamoregl"
[   212.251] (II) Loading /usr/lib64/xorg/modules/libglamoregl.so
[   212.260] (II) Module glamoregl: vendor="X.Org Foundation"
[   212.260] 	compiled for 1.20.14, module version = 1.0.1
[   212.260] 	ABI class: X.Org ANSI C Emulation, version 0.4
[   212.306] (II) modeset(0): glamor X acceleration enabled on Mesa Intel(R) HD Graphics 620 (KBL GT2)
[   212.306] (II) modeset(0): glamor initialized
[   212.308] (II) modeset(0): Output eDP-1 has no monitor section
[   212.308] (II) modeset(0): Output DP-1 has no monitor section
[   212.421] (II) modeset(0): Output HDMI-1 has no monitor section
[   212.426] (II) modeset(0): Output HDMI-2 has no monitor section
[   212.427] (II) modeset(0): EDID for output eDP-1
[   212.428] (II) modeset(0): Manufacturer: AUO  Model: 38ed  Serial#: 0
[   212.428] (II) modeset(0): Year: 2014  Week: 43
[   212.428] (II) modeset(0): EDID Version: 1.4
[   212.428] (II) modeset(0): Digital Display Input
[   212.428] (II) modeset(0): 6 bits per channel
[   212.428] (II) modeset(0): Digital interface is DisplayPort
[   212.428] (II) modeset(0): Max Image Size [cm]: horiz.: 34  vert.: 19
[   212.428] (II) modeset(0): Gamma: 2.20
[   212.428] (II) modeset(0): No DPMS capabilities specified
[   212.428] (II) modeset(0): Supported color encodings: RGB 4:4:4 
[   212.428] (II) modeset(0): First detailed timing is preferred mode
[   212.428] (II) modeset(0): Preferred mode is native pixel format and refresh rate
[   212.428] (II) modeset(0): redX: 0.575 redY: 0.345   greenX: 0.340 greenY: 0.560
[   212.428] (II) modeset(0): blueX: 0.156 blueY: 0.123   whiteX: 0.313 whiteY: 0.329
[   212.428] (II) modeset(0): Manufacturer's mask: 0
[   212.428] (II) modeset(0): Supported detailed timing:
[   212.428] (II) modeset(0): clock: 142.0 MHz   Image Size:  344 x 193 mm
[   212.428] (II) modeset(0): h_active: 1920  h_sync: 2028  h_sync_end 2076 h_blank_end 2100 h_border: 0
[   212.428] (II) modeset(0): v_active: 1080  v_sync: 1090  v_sync_end 1100 v_blanking: 1126 v_border: 0
[   212.428] (II) modeset(0): Unknown vendor-specific block f
[   212.428] (II) modeset(0):  AUO
[   212.428] (II) modeset(0):  B156HTN03.8
[   212.428] (II) modeset(0): EDID (in hex):
[   212.428] (II) modeset(0): 	00ffffffffffff0006afed3800000000
[   212.428] (II) modeset(0): 	2b180104952213780251259358578f28
[   212.428] (II) modeset(0): 	1f505400000001010101010101010101
[   212.428] (II) modeset(0): 	010101010101783780b470382e406c30
[   212.428] (II) modeset(0): 	aa0058c1100000180000000f00000000
[   212.428] (II) modeset(0): 	00000000000000000020000000fe0041
[   212.428] (II) modeset(0): 	554f0a202020202020202020000000fe
[   212.428] (II) modeset(0): 	004231353648544e30332e38200a00e9
[   212.428] (II) modeset(0): Printing probed modes for output eDP-1
[   212.428] (II) modeset(0): Modeline "1920x1080"x60.1  142.00  1920 2028 2076 2100  1080 1090 1100 1126 -hsync -vsync (67.6 kHz eP)
[   212.428] (II) modeset(0): Modeline "1920x1080"x120.0  356.38  1920 2080 2288 2656  1080 1081 1084 1118 doublescan -hsync +vsync (134.2 kHz d)
[   212.428] (II) modeset(0): Modeline "1920x1080"x119.9  266.50  1920 1944 1960 2000  1080 1081 1084 1111 doublescan +hsync -vsync (133.2 kHz d)
[   212.428] (II) modeset(0): Modeline "1920x1080"x60.0  173.00  1920 2048 2248 2576  1080 1083 1088 1120 -hsync +vsync (67.2 kHz d)
[   212.428] (II) modeset(0): Modeline "1920x1080"x59.9  138.50  1920 1968 2000 2080  1080 1083 1088 1111 +hsync -vsync (66.6 kHz d)
[   212.428] (II) modeset(0): Modeline "1680x1050"x60.0  146.25  1680 1784 1960 2240  1050 1053 1059 1089 -hsync +vsync (65.3 kHz d)
[   212.428] (II) modeset(0): Modeline "1680x1050"x59.9  119.00  1680 1728 1760 1840  1050 1053 1059 1080 +hsync -vsync (64.7 kHz d)
[   212.429] (II) modeset(0): Modeline "1400x1050"x60.0  122.00  1400 1488 1640 1880  1050 1052 1064 1082 +hsync +vsync (64.9 kHz d)
[   212.429] (II) modeset(0): Modeline "1600x900"x120.0  246.00  1600 1728 1900 2200  900 901 904 932 doublescan -hsync +vsync (111.8 kHz d)
[   212.429] (II) modeset(0): Modeline "1600x900"x119.9  186.50  1600 1624 1640 1680  900 901 904 926 doublescan +hsync -vsync (111.0 kHz d)
[   212.429] (II) modeset(0): Modeline "1600x900"x59.9  118.25  1600 1696 1856 2112  900 903 908 934 -hsync +vsync (56.0 kHz d)
[   212.429] (II) modeset(0): Modeline "1600x900"x59.8   97.50  1600 1648 1680 1760  900 903 908 926 +hsync -vsync (55.4 kHz d)
[   212.429] (II) modeset(0): Modeline "1280x1024"x60.0  108.00  1280 1328 1440 1688  1024 1025 1028 1066 +hsync +vsync (64.0 kHz d)
[   212.429] (II) modeset(0): Modeline "1400x900"x60.0  103.50  1400 1480 1624 1848  900 903 913 934 -hsync +vsync (56.0 kHz d)
[   212.429] (II) modeset(0): Modeline "1400x900"x59.9   86.50  1400 1448 1480 1560  900 903 913 926 +hsync -vsync (55.4 kHz d)
[   212.429] (II) modeset(0): Modeline "1280x960"x60.0  108.00  1280 1376 1488 1800  960 961 964 1000 +hsync +vsync (60.0 kHz d)
[   212.429] (II) modeset(0): Modeline "1440x810"x120.0  198.12  1440 1548 1704 1968  810 811 814 839 doublescan -hsync +vsync (100.7 kHz d)
[   212.429] (II) modeset(0): Modeline "1440x810"x119.9  151.88  1440 1464 1480 1520  810 811 814 833 doublescan +hsync -vsync (99.9 kHz d)
[   212.429] (II) modeset(0): Modeline "1368x768"x59.9   85.25  1368 1440 1576 1784  768 771 781 798 -hsync +vsync (47.8 kHz d)
[   212.429] (II) modeset(0): Modeline "1368x768"x59.9   72.25  1368 1416 1448 1528  768 771 781 790 +hsync -vsync (47.3 kHz d)
[   212.429] (II) modeset(0): Modeline "1280x800"x120.0  174.25  1280 1380 1516 1752  800 801 804 829 doublescan -hsync +vsync (99.5 kHz d)
[   212.429] (II) modeset(0): Modeline "1280x800"x119.9  134.25  1280 1304 1320 1360  800 801 804 823 doublescan +hsync -vsync (98.7 kHz d)
[   212.429] (II) modeset(0): Modeline "1280x800"x59.8   83.50  1280 1352 1480 1680  800 803 809 831 -hsync +vsync (49.7 kHz d)
[   212.429] (II) modeset(0): Modeline "1280x800"x59.9   71.00  1280 1328 1360 1440  800 803 809 823 +hsync -vsync (49.3 kHz d)
[   212.429] (II) modeset(0): Modeline "1280x720"x120.0  156.12  1280 1376 1512 1744  720 721 724 746 doublescan -hsync +vsync (89.5 kHz d)
[   212.429] (II) modeset(0): Modeline "1280x720"x120.0  120.75  1280 1304 1320 1360  720 721 724 740 doublescan +hsync -vsync (88.8 kHz d)
[   212.429] (II) modeset(0): Modeline "1280x720"x59.9   74.50  1280 1344 1472 1664  720 723 728 748 -hsync +vsync (44.8 kHz d)
[   212.429] (II) modeset(0): Modeline "1280x720"x59.7   63.75  1280 1328 1360 1440  720 723 728 741 +hsync -vsync (44.3 kHz d)
[   212.429] (II) modeset(0): Modeline "1024x768"x120.1  133.47  1024 1100 1212 1400  768 768 770 794 doublescan -hsync +vsync (95.3 kHz d)
[   212.429] (II) modeset(0): Modeline "1024x768"x60.0   65.00  1024 1048 1184 1344  768 771 777 806 -hsync -vsync (48.4 kHz d)
[   212.429] (II) modeset(0): Modeline "960x720"x120.0  117.00  960 1024 1128 1300  720 720 722 750 doublescan -hsync +vsync (90.0 kHz d)
[   212.429] (II) modeset(0): Modeline "928x696"x120.1  109.15  928 976 1088 1264  696 696 698 719 doublescan -hsync +vsync (86.4 kHz d)
[   212.429] (II) modeset(0): Modeline "896x672"x120.0  102.40  896 960 1060 1224  672 672 674 697 doublescan -hsync +vsync (83.7 kHz d)
[   212.429] (II) modeset(0): Modeline "1024x576"x119.9   98.50  1024 1092 1200 1376  576 577 580 597 doublescan -hsync +vsync (71.6 kHz d)
[   212.429] (II) modeset(0): Modeline "1024x576"x119.9   78.38  1024 1048 1064 1104  576 577 580 592 doublescan +hsync -vsync (71.0 kHz d)
[   212.429] (II) modeset(0): Modeline "1024x576"x59.9   46.50  1024 1064 1160 1296  576 579 584 599 -hsync +vsync (35.9 kHz d)
[   212.429] (II) modeset(0): Modeline "1024x576"x59.8   42.00  1024 1072 1104 1184  576 579 584 593 +hsync -vsync (35.5 kHz d)
[   212.429] (II) modeset(0): Modeline "960x600"x119.9   96.62  960 1028 1128 1296  600 601 604 622 doublescan -hsync +vsync (74.6 kHz d)
[   212.429] (II) modeset(0): Modeline "960x600"x120.0   77.00  960 984 1000 1040  600 601 604 617 doublescan +hsync -vsync (74.0 kHz d)
[   212.429] (II) modeset(0): Modeline "960x540"x119.9   86.50  960 1024 1124 1288  540 541 544 560 doublescan -hsync +vsync (67.2 kHz d)
[   212.429] (II) modeset(0): Modeline "960x540"x120.0   69.25  960 984 1000 1040  540 541 544 555 doublescan +hsync -vsync (66.6 kHz d)
[   212.429] (II) modeset(0): Modeline "960x540"x59.6   40.75  960 992 1088 1216  540 543 548 562 -hsync +vsync (33.5 kHz d)
[   212.429] (II) modeset(0): Modeline "960x540"x59.8   37.25  960 1008 1040 1120  540 543 548 556 +hsync -vsync (33.3 kHz d)
[   212.429] (II) modeset(0): Modeline "800x600"x120.0   81.00  800 832 928 1080  600 600 602 625 doublescan +hsync +vsync (75.0 kHz d)
[   212.429] (II) modeset(0): Modeline "800x600"x60.3   40.00  800 840 968 1056  600 601 605 628 +hsync +vsync (37.9 kHz d)
[   212.429] (II) modeset(0): Modeline "800x600"x56.2   36.00  800 824 896 1024  600 601 603 625 +hsync +vsync (35.2 kHz d)
[   212.429] (II) modeset(0): Modeline "840x525"x120.0   73.12  840 892 980 1120  525 526 529 544 doublescan -hsync +vsync (65.3 kHz d)
[   212.429] (II) modeset(0): Modeline "840x525"x119.8   59.50  840 864 880 920  525 526 529 540 doublescan +hsync -vsync (64.7 kHz d)
[   212.429] (II) modeset(0): Modeline "864x486"x59.9   32.50  864 888 968 1072  486 489 494 506 -hsync +vsync (30.3 kHz d)
[   212.429] (II) modeset(0): Modeline "864x486"x59.6   30.50  864 912 944 1024  486 489 494 500 +hsync -vsync (29.8 kHz d)
[   212.429] (II) modeset(0): Modeline "700x525"x120.0   61.00  700 744 820 940  525 526 532 541 doublescan +hsync +vsync (64.9 kHz d)
[   212.429] (II) modeset(0): Modeline "800x450"x119.9   59.12  800 848 928 1056  450 451 454 467 doublescan -hsync +vsync (56.0 kHz d)
[   212.429] (II) modeset(0): Modeline "800x450"x119.6   48.75  800 824 840 880  450 451 454 463 doublescan +hsync -vsync (55.4 kHz d)
[   212.429] (II) modeset(0): Modeline "640x512"x120.0   54.00  640 664 720 844  512 512 514 533 doublescan +hsync +vsync (64.0 kHz d)
[   212.429] (II) modeset(0): Modeline "700x450"x119.9   51.75  700 740 812 924  450 451 456 467 doublescan -hsync +vsync (56.0 kHz d)
[   212.429] (II) modeset(0): Modeline "700x450"x119.8   43.25  700 724 740 780  450 451 456 463 doublescan +hsync -vsync (55.4 kHz d)
[   212.429] (II) modeset(0): Modeline "640x480"x120.0   54.00  640 688 744 900  480 480 482 500 doublescan +hsync +vsync (60.0 kHz d)
[   212.429] (II) modeset(0): Modeline "640x480"x59.9   25.18  640 656 752 800  480 490 492 525 -hsync -vsync (31.5 kHz d)
[   212.429] (II) modeset(0): Modeline "720x405"x59.5   22.50  720 744 808 896  405 408 413 422 -hsync +vsync (25.1 kHz d)
[   212.429] (II) modeset(0): Modeline "720x405"x59.0   21.75  720 768 800 880  405 408 413 419 +hsync -vsync (24.7 kHz d)
[   212.429] (II) modeset(0): Modeline "684x384"x119.8   42.62  684 720 788 892  384 385 390 399 doublescan -hsync +vsync (47.8 kHz d)
[   212.430] (II) modeset(0): Modeline "684x384"x119.7   36.12  684 708 724 764  384 385 390 395 doublescan +hsync -vsync (47.3 kHz d)
[   212.430] (II) modeset(0): Modeline "640x400"x119.8   41.75  640 676 740 840  400 401 404 415 doublescan -hsync +vsync (49.7 kHz d)
[   212.430] (II) modeset(0): Modeline "640x400"x120.0   35.50  640 664 680 720  400 401 404 411 doublescan +hsync -vsync (49.3 kHz d)
[   212.430] (II) modeset(0): Modeline "640x360"x119.7   37.25  640 672 736 832  360 361 364 374 doublescan -hsync +vsync (44.8 kHz d)
[   212.430] (II) modeset(0): Modeline "640x360"x119.7   31.88  640 664 680 720  360 361 364 370 doublescan +hsync -vsync (44.3 kHz d)
[   212.430] (II) modeset(0): Modeline "640x360"x59.8   18.00  640 664 720 800  360 363 368 376 -hsync +vsync (22.5 kHz d)
[   212.430] (II) modeset(0): Modeline "640x360"x59.3   17.75  640 688 720 800  360 363 368 374 +hsync -vsync (22.2 kHz d)
[   212.430] (II) modeset(0): Modeline "512x384"x120.0   32.50  512 524 592 672  384 385 388 403 doublescan -hsync -vsync (48.4 kHz d)
[   212.430] (II) modeset(0): Modeline "512x288"x120.0   23.25  512 532 580 648  288 289 292 299 doublescan -hsync +vsync (35.9 kHz d)
[   212.430] (II) modeset(0): Modeline "512x288"x119.8   21.00  512 536 552 592  288 289 292 296 doublescan +hsync -vsync (35.5 kHz d)
[   212.430] (II) modeset(0): Modeline "480x270"x119.3   20.38  480 496 544 608  270 271 274 281 doublescan -hsync +vsync (33.5 kHz d)
[   212.430] (II) modeset(0): Modeline "480x270"x119.6   18.62  480 504 520 560  270 271 274 278 doublescan +hsync -vsync (33.3 kHz d)
[   212.430] (II) modeset(0): Modeline "400x300"x120.6   20.00  400 420 484 528  300 300 302 314 doublescan +hsync +vsync (37.9 kHz d)
[   212.430] (II) modeset(0): Modeline "400x300"x112.7   18.00  400 412 448 512  300 300 301 312 doublescan +hsync +vsync (35.2 kHz d)
[   212.430] (II) modeset(0): Modeline "432x243"x119.8   16.25  432 444 484 536  243 244 247 253 doublescan -hsync +vsync (30.3 kHz d)
[   212.430] (II) modeset(0): Modeline "432x243"x119.1   15.25  432 456 472 512  243 244 247 250 doublescan +hsync -vsync (29.8 kHz d)
[   212.430] (II) modeset(0): Modeline "320x240"x120.1   12.59  320 328 376 400  240 245 246 262 doublescan -hsync -vsync (31.5 kHz d)
[   212.430] (II) modeset(0): Modeline "360x202"x119.0   11.25  360 372 404 448  202 204 206 211 doublescan -hsync +vsync (25.1 kHz d)
[   212.430] (II) modeset(0): Modeline "360x202"x118.3   10.88  360 384 400 440  202 204 206 209 doublescan +hsync -vsync (24.7 kHz d)
[   212.430] (II) modeset(0): Modeline "320x180"x119.7    9.00  320 332 360 400  180 181 184 188 doublescan -hsync +vsync (22.5 kHz d)
[   212.430] (II) modeset(0): Modeline "320x180"x118.6    8.88  320 344 360 400  180 181 184 187 doublescan +hsync -vsync (22.2 kHz d)
[   212.430] (II) modeset(0): EDID for output DP-1
[   212.543] (II) modeset(0): EDID for output HDMI-1
[   212.547] (II) modeset(0): EDID for output HDMI-2
[   212.547] (II) modeset(0): Output eDP-1 connected
[   212.547] (II) modeset(0): Output DP-1 disconnected
[   212.547] (II) modeset(0): Output HDMI-1 disconnected
[   212.547] (II) modeset(0): Output HDMI-2 disconnected
[   212.547] (II) modeset(0): Using exact sizes for initial modes
[   212.547] (II) modeset(0): Output eDP-1 using initial mode 1920x1080 +0+0
[   212.547] (==) modeset(0): Using gamma correction (1.0, 1.0, 1.0)
[   212.547] (==) modeset(0): DPI set to (96, 96)
[   212.547] (II) Loading sub module "fb"
[   212.547] (II) LoadModule: "fb"
[   212.548] (II) Loading /usr/lib64/xorg/modules/libfb.so
[   212.551] (II) Module fb: vendor="X.Org Foundation"
[   212.551] 	compiled for 1.20.14, module version = 1.0.0
[   212.551] 	ABI class: X.Org ANSI C Emulation, version 0.4
[   212.551] (II) UnloadModule: "fbdev"
[   212.551] (II) Unloading fbdev
[   212.551] (II) UnloadSubModule: "fbdevhw"
[   212.551] (II) Unloading fbdevhw
[   212.551] (II) UnloadModule: "vesa"
[   212.551] (II) Unloading vesa
[   212.577] (==) modeset(0): Backing store enabled
[   212.577] (==) modeset(0): Silken mouse enabled
[   212.658] (II) modeset(0): Initializing kms color map for depth 24, 8 bpc.
[   212.658] (==) modeset(0): DPMS enabled
[   212.658] (II) modeset(0): [DRI2] Setup complete
[   212.658] (II) modeset(0): [DRI2]   DRI driver: iris
[   212.658] (II) modeset(0): [DRI2]   VDPAU driver: va_gl
[   212.658] (II) Initializing extension Generic Event Extension
[   212.658] (II) Initializing extension SHAPE
[   212.658] (II) Initializing extension MIT-SHM
[   212.658] (II) Initializing extension XInputExtension
[   212.659] (II) Initializing extension XTEST
[   212.659] (II) Initializing extension BIG-REQUESTS
[   212.659] (II) Initializing extension SYNC
[   212.659] (II) Initializing extension XKEYBOARD
[   212.659] (II) Initializing extension XC-MISC
[   212.659] (II) Initializing extension SECURITY
[   212.659] (II) Initializing extension XFIXES
[   212.659] (II) Initializing extension RENDER
[   212.659] (II) Initializing extension RANDR
[   212.660] (II) Initializing extension COMPOSITE
[   212.660] (II) Initializing extension DAMAGE
[   212.660] (II) Initializing extension MIT-SCREEN-SAVER
[   212.660] (II) Initializing extension DOUBLE-BUFFER
[   212.660] (II) Initializing extension RECORD
[   212.660] (II) Initializing extension DPMS
[   212.660] (II) Initializing extension Present
[   212.660] (II) Initializing extension DRI3
[   212.661] (II) Initializing extension X-Resource
[   212.661] (II) Initializing extension XVideo
[   212.661] (II) Initializing extension XVideo-MotionCompensation
[   212.661] (II) Initializing extension SELinux
[   212.661] (II) SELinux: Disabled by boolean
[   212.661] (II) Initializing extension GLX
[   212.668] (II) AIGLX: Loaded and initialized iris
[   212.668] (II) GLX: Initialized DRI2 GL provider for screen 0
[   212.668] (II) Initializing extension XFree86-VidModeExtension
[   212.668] (II) Initializing extension XFree86-DGA
[   212.669] (II) Initializing extension DRI2
[   212.669] (II) modeset(0): Damage tracking initialized
[   212.669] (II) modeset(0): Setting screen physical size to 508 x 285
[   212.714] (II) config/udev: Adding input device Power Button (/dev/input/event3)
[   212.714] (**) Power Button: Applying InputClass "evdev keyboard catchall"
[   212.714] (**) Power Button: Applying InputClass "libinput keyboard catchall"
[   212.714] (**) Power Button: Applying InputClass "system-keyboard"
[   212.714] (II) LoadModule: "libinput"
[   212.715] (II) Loading /usr/lib64/xorg/modules/input/libinput_drv.so
[   212.717] (II) Module libinput: vendor="X.Org Foundation"
[   212.717] 	compiled for 1.20.14, module version = 1.2.1
[   212.717] 	Module class: X.Org XInput Driver
[   212.717] 	ABI class: X.Org XInput driver, version 24.1
[   212.717] (II) Using input driver 'libinput' for 'Power Button'
[   212.718] (II) systemd-logind: got fd for /dev/input/event3 13:67 fd 28 paused 0
[   212.718] (**) Power Button: always reports core events
[   212.718] (**) Option "Device" "/dev/input/event3"
[   212.722] (II) event3  - Power Button: is tagged by udev as: Keyboard
[   212.722] (II) event3  - Power Button: device is a keyboard
[   212.722] (II) event3  - Power Button: device removed
[   212.722] (**) Option "config_info" "udev:/sys/devices/LNXSYSTM:00/LNXPWRBN:00/input/input3/event3"
[   212.722] (II) XINPUT: Adding extended input device "Power Button" (type: KEYBOARD, id 6)
[   212.722] (**) Option "xkb_layout" "br"
[   212.743] (II) event3  - Power Button: is tagged by udev as: Keyboard
[   212.743] (II) event3  - Power Button: device is a keyboard
[   212.743] (II) config/udev: Adding input device Asus Wireless Radio Control (/dev/input/event8)
[   212.744] (**) Asus Wireless Radio Control: Applying InputClass "evdev keyboard catchall"
[   212.744] (**) Asus Wireless Radio Control: Applying InputClass "libinput keyboard catchall"
[   212.744] (**) Asus Wireless Radio Control: Applying InputClass "system-keyboard"
[   212.744] (II) Using input driver 'libinput' for 'Asus Wireless Radio Control'
[   212.744] (II) systemd-logind: got fd for /dev/input/event8 13:72 fd 31 paused 0
[   212.744] (**) Asus Wireless Radio Control: always reports core events
[   212.744] (**) Option "Device" "/dev/input/event8"
[   212.745] (II) event8  - Asus Wireless Radio Control: is tagged by udev as: Keyboard
[   212.745] (II) event8  - Asus Wireless Radio Control: device is a keyboard
[   212.746] (II) event8  - Asus Wireless Radio Control: device removed
[   212.746] (**) Option "config_info" "udev:/sys/devices/LNXSYSTM:00/LNXSYBUS:00/ATK4002:00/input/input10/event8"
[   212.746] (II) XINPUT: Adding extended input device "Asus Wireless Radio Control" (type: KEYBOARD, id 7)
[   212.746] (**) Option "xkb_layout" "br"
[   212.747] (II) event8  - Asus Wireless Radio Control: is tagged by udev as: Keyboard
[   212.747] (II) event8  - Asus Wireless Radio Control: device is a keyboard
[   212.748] (II) config/udev: Adding input device Video Bus (/dev/input/event7)
[   212.748] (**) Video Bus: Applying InputClass "evdev keyboard catchall"
[   212.748] (**) Video Bus: Applying InputClass "libinput keyboard catchall"
[   212.748] (**) Video Bus: Applying InputClass "system-keyboard"
[   212.748] (II) Using input driver 'libinput' for 'Video Bus'
[   212.749] (II) systemd-logind: got fd for /dev/input/event7 13:71 fd 32 paused 0
[   212.749] (**) Video Bus: always reports core events
[   212.749] (**) Option "Device" "/dev/input/event7"
[   212.750] (II) event7  - Video Bus: is tagged by udev as: Keyboard
[   212.751] (II) event7  - Video Bus: device is a keyboard
[   212.751] (II) event7  - Video Bus: device removed
[   212.751] (**) Option "config_info" "udev:/sys/devices/LNXSYSTM:00/LNXSYBUS:00/PNP0A08:00/LNXVIDEO:00/input/input9/event7"
[   212.751] (II) XINPUT: Adding extended input device "Video Bus" (type: KEYBOARD, id 8)
[   212.751] (**) Option "xkb_layout" "br"
[   212.752] (II) event7  - Video Bus: is tagged by udev as: Keyboard
[   212.752] (II) event7  - Video Bus: device is a keyboard
[   212.753] (II) config/udev: Adding input device Lid Switch (/dev/input/event0)
[   212.753] (II) No input driver specified, ignoring this device.
[   212.753] (II) This device may have been added with another device file.
[   212.754] (II) config/udev: Adding input device Power Button (/dev/input/event2)
[   212.754] (**) Power Button: Applying InputClass "evdev keyboard catchall"
[   212.754] (**) Power Button: Applying InputClass "libinput keyboard catchall"
[   212.754] (**) Power Button: Applying InputClass "system-keyboard"
[   212.754] (II) Using input driver 'libinput' for 'Power Button'
[   212.754] (II) systemd-logind: got fd for /dev/input/event2 13:66 fd 33 paused 0
[   212.754] (**) Power Button: always reports core events
[   212.754] (**) Option "Device" "/dev/input/event2"
[   212.755] (II) event2  - Power Button: is tagged by udev as: Keyboard
[   212.756] (II) event2  - Power Button: device is a keyboard
[   212.756] (II) event2  - Power Button: device removed
[   212.756] (**) Option "config_info" "udev:/sys/devices/LNXSYSTM:00/LNXSYBUS:00/PNP0C0C:00/input/input2/event2"
[   212.756] (II) XINPUT: Adding extended input device "Power Button" (type: KEYBOARD, id 9)
[   212.756] (**) Option "xkb_layout" "br"
[   212.757] (II) event2  - Power Button: is tagged by udev as: Keyboard
[   212.757] (II) event2  - Power Button: device is a keyboard
[   212.758] (II) config/udev: Adding input device Sleep Button (/dev/input/event1)
[   212.758] (**) Sleep Button: Applying InputClass "evdev keyboard catchall"
[   212.758] (**) Sleep Button: Applying InputClass "libinput keyboard catchall"
[   212.758] (**) Sleep Button: Applying InputClass "system-keyboard"
[   212.758] (II) Using input driver 'libinput' for 'Sleep Button'
[   212.759] (II) systemd-logind: got fd for /dev/input/event1 13:65 fd 34 paused 0
[   212.759] (**) Sleep Button: always reports core events
[   212.759] (**) Option "Device" "/dev/input/event1"
[   212.760] (II) event1  - Sleep Button: is tagged by udev as: Keyboard
[   212.760] (II) event1  - Sleep Button: device is a keyboard
[   212.761] (II) event1  - Sleep Button: device removed
[   212.761] (**) Option "config_info" "udev:/sys/devices/LNXSYSTM:00/LNXSYBUS:00/PNP0C0E:00/input/input1/event1"
[   212.761] (II) XINPUT: Adding extended input device "Sleep Button" (type: KEYBOARD, id 10)
[   212.761] (**) Option "xkb_layout" "br"
[   212.763] (II) event1  - Sleep Button: is tagged by udev as: Keyboard
[   212.763] (II) event1  - Sleep Button: device is a keyboard
[   212.765] (II) config/udev: Adding input device USB2.0 VGA UVC WebCam: USB2.0 V (/dev/input/event11)
[   212.765] (**) USB2.0 VGA UVC WebCam: USB2.0 V: Applying InputClass "evdev keyboard catchall"
[   212.765] (**) USB2.0 VGA UVC WebCam: USB2.0 V: Applying InputClass "libinput keyboard catchall"
[   212.765] (**) USB2.0 VGA UVC WebCam: USB2.0 V: Applying InputClass "system-keyboard"
[   212.765] (II) Using input driver 'libinput' for 'USB2.0 VGA UVC WebCam: USB2.0 V'
[   212.765] (II) systemd-logind: got fd for /dev/input/event11 13:75 fd 35 paused 0
[   212.765] (**) USB2.0 VGA UVC WebCam: USB2.0 V: always reports core events
[   212.765] (**) Option "Device" "/dev/input/event11"
[   212.767] (II) event11 - USB2.0 VGA UVC WebCam: USB2.0 V: is tagged by udev as: Keyboard
[   212.767] (II) event11 - USB2.0 VGA UVC WebCam: USB2.0 V: device is a keyboard
[   212.767] (II) event11 - USB2.0 VGA UVC WebCam: USB2.0 V: device removed
[   212.767] (**) Option "config_info" "udev:/sys/devices/pci0000:00/0000:00:14.0/usb1/1-6/1-6:1.0/input/input13/event11"
[   212.767] (II) XINPUT: Adding extended input device "USB2.0 VGA UVC WebCam: USB2.0 V" (type: KEYBOARD, id 11)
[   212.768] (**) Option "xkb_layout" "br"
[   212.769] (II) event11 - USB2.0 VGA UVC WebCam: USB2.0 V: is tagged by udev as: Keyboard
[   212.769] (II) event11 - USB2.0 VGA UVC WebCam: USB2.0 V: device is a keyboard
[   212.770] (II) config/udev: Adding input device ELAN1200:00 04F3:3067 Mouse (/dev/input/event5)
[   212.770] (**) ELAN1200:00 04F3:3067 Mouse: Applying InputClass "evdev pointer catchall"
[   212.770] (**) ELAN1200:00 04F3:3067 Mouse: Applying InputClass "libinput pointer catchall"
[   212.770] (II) Using input driver 'libinput' for 'ELAN1200:00 04F3:3067 Mouse'
[   212.771] (II) systemd-logind: got fd for /dev/input/event5 13:69 fd 36 paused 0
[   212.771] (**) ELAN1200:00 04F3:3067 Mouse: always reports core events
[   212.771] (**) Option "Device" "/dev/input/event5"
[   212.773] (II) event5  - ELAN1200:00 04F3:3067 Mouse: is tagged by udev as: Mouse Pointingstick
[   212.773] (II) event5  - ELAN1200:00 04F3:3067 Mouse: device is a pointer
[   212.774] (II) event5  - ELAN1200:00 04F3:3067 Mouse: device removed
[   212.774] (**) Option "config_info" "udev:/sys/devices/pci0000:00/0000:00:15.1/i2c_designware.1/i2c-1/i2c-ELAN1200:00/0018:04F3:3067.0001/input/input7/event5"
[   212.774] (II) XINPUT: Adding extended input device "ELAN1200:00 04F3:3067 Mouse" (type: MOUSE, id 12)
[   212.774] (**) Option "AccelerationScheme" "none"
[   212.774] (**) ELAN1200:00 04F3:3067 Mouse: (accel) selected scheme none/0
[   212.774] (**) ELAN1200:00 04F3:3067 Mouse: (accel) acceleration factor: 2.000
[   212.774] (**) ELAN1200:00 04F3:3067 Mouse: (accel) acceleration threshold: 4
[   212.776] (II) event5  - ELAN1200:00 04F3:3067 Mouse: is tagged by udev as: Mouse Pointingstick
[   212.776] (II) event5  - ELAN1200:00 04F3:3067 Mouse: device is a pointer
[   212.778] (II) config/udev: Adding input device ELAN1200:00 04F3:3067 Mouse (/dev/input/mouse0)
[   212.778] (II) No input driver specified, ignoring this device.
[   212.778] (II) This device may have been added with another device file.
[   212.778] (II) config/udev: Adding input device ELAN1200:00 04F3:3067 Touchpad (/dev/input/event6)
[   212.779] (**) ELAN1200:00 04F3:3067 Touchpad: Applying InputClass "evdev touchpad catchall"
[   212.779] (**) ELAN1200:00 04F3:3067 Touchpad: Applying InputClass "libinput touchpad catchall"
[   212.779] (II) Using input driver 'libinput' for 'ELAN1200:00 04F3:3067 Touchpad'
[   212.779] (II) systemd-logind: got fd for /dev/input/event6 13:70 fd 37 paused 0
[   212.780] (**) ELAN1200:00 04F3:3067 Touchpad: always reports core events
[   212.780] (**) Option "Device" "/dev/input/event6"
[   212.782] (II) event6  - ELAN1200:00 04F3:3067 Touchpad: is tagged by udev as: Touchpad
[   212.783] (II) event6  - ELAN1200:00 04F3:3067 Touchpad: device is a touchpad
[   212.784] (II) event6  - ELAN1200:00 04F3:3067 Touchpad: device removed
[   212.784] (**) Option "config_info" "udev:/sys/devices/pci0000:00/0000:00:15.1/i2c_designware.1/i2c-1/i2c-ELAN1200:00/0018:04F3:3067.0001/input/input8/event6"
[   212.784] (II) XINPUT: Adding extended input device "ELAN1200:00 04F3:3067 Touchpad" (type: TOUCHPAD, id 13)
[   212.786] (**) Option "AccelerationScheme" "none"
[   212.786] (**) ELAN1200:00 04F3:3067 Touchpad: (accel) selected scheme none/0
[   212.786] (**) ELAN1200:00 04F3:3067 Touchpad: (accel) acceleration factor: 2.000
[   212.786] (**) ELAN1200:00 04F3:3067 Touchpad: (accel) acceleration threshold: 4
[   212.787] (II) event6  - ELAN1200:00 04F3:3067 Touchpad: is tagged by udev as: Touchpad
[   212.789] (II) event6  - ELAN1200:00 04F3:3067 Touchpad: device is a touchpad
[   212.791] (II) config/udev: Adding input device ELAN1200:00 04F3:3067 Touchpad (/dev/input/mouse1)
[   212.791] (II) No input driver specified, ignoring this device.
[   212.791] (II) This device may have been added with another device file.
[   212.791] (II) config/udev: Adding input device HDA Intel PCH Headphone (/dev/input/event12)
[   212.791] (II) No input driver specified, ignoring this device.
[   212.791] (II) This device may have been added with another device file.
[   212.792] (II) config/udev: Adding input device HDA Intel PCH HDMI/DP,pcm=3 (/dev/input/event13)
[   212.792] (II) No input driver specified, ignoring this device.
[   212.792] (II) This device may have been added with another device file.
[   212.793] (II) config/udev: Adding input device HDA Intel PCH HDMI/DP,pcm=7 (/dev/input/event14)
[   212.793] (II) No input driver specified, ignoring this device.
[   212.793] (II) This device may have been added with another device file.
[   212.793] (II) config/udev: Adding input device HDA Intel PCH HDMI/DP,pcm=8 (/dev/input/event15)
[   212.794] (II) No input driver specified, ignoring this device.
[   212.794] (II) This device may have been added with another device file.
[   212.795] (II) config/udev: Adding input device HDA Intel PCH HDMI/DP,pcm=9 (/dev/input/event16)
[   212.795] (II) No input driver specified, ignoring this device.
[   212.795] (II) This device may have been added with another device file.
[   212.796] (II) config/udev: Adding input device HDA Intel PCH HDMI/DP,pcm=10 (/dev/input/event17)
[   212.796] (II) No input driver specified, ignoring this device.
[   212.796] (II) This device may have been added with another device file.
[   212.797] (II) config/udev: Adding input device Asus WMI hotkeys (/dev/input/event10)
[   212.797] (**) Asus WMI hotkeys: Applying InputClass "evdev keyboard catchall"
[   212.797] (**) Asus WMI hotkeys: Applying InputClass "libinput keyboard catchall"
[   212.797] (**) Asus WMI hotkeys: Applying InputClass "system-keyboard"
[   212.797] (II) Using input driver 'libinput' for 'Asus WMI hotkeys'
[   212.797] (II) systemd-logind: got fd for /dev/input/event10 13:74 fd 38 paused 0
[   212.798] (**) Asus WMI hotkeys: always reports core events
[   212.798] (**) Option "Device" "/dev/input/event10"
[   212.799] (II) event10 - Asus WMI hotkeys: is tagged by udev as: Keyboard
[   212.799] (II) event10 - Asus WMI hotkeys: device is a keyboard
[   212.799] (II) event10 - Asus WMI hotkeys: device removed
[   212.799] (**) Option "config_info" "udev:/sys/devices/platform/asus-nb-wmi/input/input12/event10"
[   212.799] (II) XINPUT: Adding extended input device "Asus WMI hotkeys" (type: KEYBOARD, id 14)
[   212.799] (**) Option "xkb_layout" "br"
[   212.801] (II) event10 - Asus WMI hotkeys: is tagged by udev as: Keyboard
[   212.801] (II) event10 - Asus WMI hotkeys: device is a keyboard
[   212.802] (II) config/udev: Adding input device AT Translated Set 2 keyboard (/dev/input/event4)
[   212.802] (**) AT Translated Set 2 keyboard: Applying InputClass "evdev keyboard catchall"
[   212.803] (**) AT Translated Set 2 keyboard: Applying InputClass "libinput keyboard catchall"
[   212.803] (**) AT Translated Set 2 keyboard: Applying InputClass "system-keyboard"
[   212.803] (II) Using input driver 'libinput' for 'AT Translated Set 2 keyboard'
[   212.803] (II) systemd-logind: got fd for /dev/input/event4 13:68 fd 39 paused 0
[   212.804] (**) AT Translated Set 2 keyboard: always reports core events
[   212.804] (**) Option "Device" "/dev/input/event4"
[   212.805] (II) event4  - AT Translated Set 2 keyboard: is tagged by udev as: Keyboard
[   212.805] (II) event4  - AT Translated Set 2 keyboard: device is a keyboard
[   212.806] (II) event4  - AT Translated Set 2 keyboard: device removed
[   212.806] (**) Option "config_info" "udev:/sys/devices/platform/i8042/serio0/input/input4/event4"
[   212.806] (II) XINPUT: Adding extended input device "AT Translated Set 2 keyboard" (type: KEYBOARD, id 15)
[   212.806] (**) Option "xkb_layout" "br"
[   212.808] (II) event4  - AT Translated Set 2 keyboard: is tagged by udev as: Keyboard
[   212.808] (II) event4  - AT Translated Set 2 keyboard: device is a keyboard
[   212.809] (II) config/udev: Adding input device PC Speaker (/dev/input/event9)
[   212.809] (II) No input driver specified, ignoring this device.
[   212.809] (II) This device may have been added with another device file.
[   213.833] (II) modeset(0): EDID vendor "AUO", prod id 14573
[   213.833] (II) modeset(0): Printing DDC gathered Modelines:
[   213.833] (II) modeset(0): Modeline "1920x1080"x0.0  142.00  1920 2028 2076 2100  1080 1090 1100 1126 -hsync -vsync (67.6 kHz eP)
[   216.864] (EE) event6  - ELAN1200:00 04F3:3067 Touchpad: client bug: event processing lagging behind by 21ms, your system is too slow
[   753.304] (EE) event6  - ELAN1200:00 04F3:3067 Touchpad: kernel bug: Touch jump detected and discarded.
See https://wayland.freedesktop.org/libinput/doc/1.20.0/touchpad-jumping-cursors.html for details
[   753.309] (EE) event6  - ELAN1200:00 04F3:3067 Touchpad: kernel bug: Touch jump detected and discarded.
See https://wayland.freedesktop.org/libinput/doc/1.20.0/touchpad-jumping-cursors.html for details
[  1884.900] (EE) event6  - ELAN1200:00 04F3:3067 Touchpad: kernel bug: Touch jump detected and discarded.
See https://wayland.freedesktop.org/libinput/doc/1.20.0/touchpad-jumping-cursors.html for details
[  2281.060] (EE) event6  - ELAN1200:00 04F3:3067 Touchpad: kernel bug: Touch jump detected and discarded.
See https://wayland.freedesktop.org/libinput/doc/1.20.0/touchpad-jumping-cursors.html for details
[  2479.927] (EE) event6  - ELAN1200:00 04F3:3067 Touchpad: kernel bug: Touch jump detected and discarded.
See https://wayland.freedesktop.org/libinput/doc/1.20.0/touchpad-jumping-cursors.html for details
[  2479.928] (EE) event6  - ELAN1200:00 04F3:3067 Touchpad: WARNING: log rate limit exceeded (5 msgs per 24h). Discarding future messages.
