2022-03-13T17:06:54.733Z - info: [ui] [AppStore] loading 0 repositories from store
2022-03-13T17:06:54.988Z - info: [ui] [Welcome] no sign in step found. ignoring...
2022-03-13T17:06:55.023Z - info: [main] Received possible protocol arguments: 1
2022-03-13T17:06:55.057Z - info: [ui] [Welcome] no sign in step found. ignoring...
2022-03-13T17:06:55.124Z - info: [ui] launching: 2.9.0-linux4 (Linux 5.17.0-0.rc7.116.fc36.x86_64)
2022-03-13T17:06:55.127Z - info: [ui] execPath: '/tmp/.mount_githubGJsWXI/github-desktop'
2022-03-13T17:06:55.223Z - info: [main] Received possible protocol arguments: 1
2022-03-13T17:06:55.353Z - info: [ui] Opt in reported.
2022-03-13T17:06:55.392Z - info: [ui] [Welcome] no sign in step found. ignoring...
2022-03-13T17:06:57.083Z - info: [main] Received possible protocol arguments: 1
2022-03-13T17:06:57.177Z - info: [ui] [Welcome] advancing to step: SignInToDotComWithBrowser
2022-03-13T17:06:57.180Z - info: [ui] [SignInStore] initializing OAuth flow
2022-03-13T17:06:57.184Z - info: [main] opening in browser: https://github.com/login/oauth/authorize?client_id=3a723b10ac5575cc5bb9&scope=repo%20user%20workflow&state=9debbd8e-0574-44e6-a84b-6973f4623edf
2022-03-13T17:06:57.187Z - info: [ui] [Welcome] current sign in state not found. ignoring...
2022-03-13T17:06:58.087Z - info: [ui] [Welcome] kind Authentication is the same as Authentication. ignoring...
2022-03-13T17:06:58.136Z - info: [ui] [Welcome] kind Authentication is the same as Authentication. ignoring...
2022-03-13T17:07:05.396Z - info: [ui] [Welcome] kind Authentication is the same as Authentication. ignoring...
2022-03-13T17:07:05.412Z - info: [ui] [Welcome] kind Authentication is the same as Authentication. ignoring...
2022-03-13T17:07:05.697Z - info: [ui] [Welcome] kind Authentication is the same as Authentication. ignoring...
2022-03-13T17:07:08.511Z - info: [ui] [Welcome] kind Authentication is the same as Authentication. ignoring...
2022-03-13T17:07:19.784Z - info: [ui] [Welcome] kind Authentication is the same as Authentication. ignoring...
2022-03-13T17:07:19.799Z - info: [ui] [Welcome] kind Authentication is the same as Authentication. ignoring...
2022-03-13T17:07:19.817Z - info: [ui] [Welcome] kind Authentication is the same as Authentication. ignoring...
2022-03-13T17:07:20.070Z - info: [ui] [Welcome] kind Authentication is the same as Authentication. ignoring...
2022-03-13T17:07:49.721Z - info: [ui] [Welcome] advancing to step: Start
2022-03-13T17:17:03.504Z - info: [ui] [AppStore] loading 0 repositories from store
2022-03-13T17:17:03.594Z - info: [ui] [Welcome] no sign in step found. ignoring...
2022-03-13T17:17:03.789Z - info: [ui] [Welcome] no sign in step found. ignoring...
2022-03-13T17:17:03.967Z - info: [ui] [Welcome] no sign in step found. ignoring...
2022-03-13T17:17:04.026Z - info: [ui] launching: 2.6.6-linux1 (Linux 5.17.0-0.rc7.116.fc36.x86_64)
2022-03-13T17:17:04.027Z - info: [ui] execPath: '/usr/lib/github-desktop/github-desktop'
2022-03-13T17:17:04.096Z - info: [ui] [Welcome] no sign in step found. ignoring...
2022-03-13T17:17:05.619Z - info: [ui] [Welcome] advancing to step: SignInToDotComWithBrowser
2022-03-13T17:17:05.622Z - info: [ui] [SignInStore] initializing OAuth flow
2022-03-13T17:17:05.627Z - info: [main] opening in browser: https://github.com/login/oauth/authorize?client_id=3a723b10ac5575cc5bb9&scope=repo%20user%20workflow&state=3ed003d0-4950-462b-8642-481291944a44
2022-03-13T17:17:05.629Z - info: [ui] [Welcome] current sign in state not found. ignoring...
2022-03-13T17:17:06.917Z - info: [ui] [Welcome] kind Authentication is the same as Authentication. ignoring...
2022-03-13T17:17:08.297Z - info: [main] Received possible protocol arguments: 2
2022-03-13T17:17:08.297Z - info: [main] Processing protocol url
2022-03-13T17:17:08.297Z - info: [ui] [Dispatcher] requesting authenticated user
2022-03-13T17:17:08.312Z - info: [ui] [Welcome] kind Authentication is the same as Authentication. ignoring...
2022-03-13T17:17:09.698Z - info: [ui] [SignInStore] account resolved
2022-03-13T17:17:09.698Z - info: [ui] [AppStore] adding account MiguelFogli (MiguelFogli) to store
2022-03-13T17:17:09.709Z - info: [ui] [Welcome] advancing to step: ConfigureGit
2022-03-13T17:17:09.793Z - info: [ui] [Welcome] no sign in step found. ignoring...
2022-03-13T17:17:10.073Z - info: [ui] [Welcome] no sign in step found. ignoring...
2022-03-13T17:17:17.325Z - info: [ui] [Welcome] advancing to step: UsageOptOut
2022-03-13T17:17:23.058Z - info: [ui] Opt in reported.
2022-03-13T17:17:29.472Z - info: [ui] [AppStore.getAccountForRemoteURL] account found for remote: https://github.com/MiguelFogli/dotfiles.git - MiguelFogli (has token)
2022-03-13T17:17:30.423Z - info: [ui] [AppStore] adding repository at /home/miguelbragafogli/Documentos/GitHub/dotfiles to store
